{"__type":"$$EventMessageAudit","id":"1faf33a0-09ec-4ee1-812a-cd836236af6e","ts":"2025-11-11T20:14:56.742+00:00","eventName":"n8n.audit.workflow.created","message":"n8n.audit.workflow.created","payload":{"userId":"788ea89e-874e-46e5-aeae-ed4a8f026c86","_email":"anthonymaguire248@gmail.com","_firstName":"Anthony","_lastName":"Maguire","globalRole":"global:owner","workflowId":"4l38YvkJMM32ZTuG","workflowName":"My workflow"}}
{"__type":"$$EventMessageConfirm","confirm":"1faf33a0-09ec-4ee1-812a-cd836236af6e","ts":"2025-11-11T20:14:56.742+00:00","source":{"id":"0","name":"eventBus"}}
{"__type":"$$EventMessageWorkflow","id":"931e90d3-9797-478f-885a-f59886f1c700","ts":"2025-11-11T20:14:56.931+00:00","eventName":"n8n.workflow.failed","message":"n8n.workflow.failed","payload":{"userId":"788ea89e-874e-46e5-aeae-ed4a8f026c86","executionId":"1","success":false,"isManual":true,"workflowId":"4l38YvkJMM32ZTuG","workflowName":"My workflow","errorMessage":"The workflow has issues and cannot be executed for that reason. Please fix them first."}}
{"__type":"$$EventMessageConfirm","confirm":"931e90d3-9797-478f-885a-f59886f1c700","ts":"2025-11-11T20:14:56.931+00:00","source":{"id":"0","name":"eventBus"}}
{"__type":"$$EventMessageWorkflow","id":"8c26a380-d88c-40f7-97eb-abbd69078774","ts":"2025-11-11T20:22:25.602+00:00","eventName":"n8n.workflow.started","message":"n8n.workflow.started","payload":{"executionId":"2","workflowId":"4l38YvkJMM32ZTuG","isManual":false,"workflowName":"My workflow"}}
{"__type":"$$EventMessageConfirm","confirm":"8c26a380-d88c-40f7-97eb-abbd69078774","ts":"2025-11-11T20:22:25.602+00:00","source":{"id":"0","name":"eventBus"}}
{"__type":"$$EventMessageNode","id":"564eb78f-ff2d-42c4-ac26-4fd8b5ff9b88","ts":"2025-11-11T20:22:25.603+00:00","eventName":"n8n.node.started","message":"n8n.node.started","payload":{"workflowId":"4l38YvkJMM32ZTuG","workflowName":"My workflow","executionId":"2","nodeType":"n8n-nodes-base.scheduleTrigger","nodeName":"Schedule Trigger","nodeId":"a11194fc-5b4d-4709-a203-22ca47ec161e"}}
{"__type":"$$EventMessageConfirm","confirm":"564eb78f-ff2d-42c4-ac26-4fd8b5ff9b88","ts":"2025-11-11T20:22:25.603+00:00","source":{"id":"0","name":"eventBus"}}
{"__type":"$$EventMessageNode","id":"929316ad-2e34-43cd-b67b-fcad0e350daa","ts":"2025-11-11T20:22:25.622+00:00","eventName":"n8n.node.finished","message":"n8n.node.finished","payload":{"workflowId":"4l38YvkJMM32ZTuG","workflowName":"My workflow","executionId":"2","nodeType":"n8n-nodes-base.scheduleTrigger","nodeName":"Schedule Trigger","nodeId":"a11194fc-5b4d-4709-a203-22ca47ec161e"}}
{"__type":"$$EventMessageConfirm","confirm":"929316ad-2e34-43cd-b67b-fcad0e350daa","ts":"2025-11-11T20:22:25.622+00:00","source":{"id":"0","name":"eventBus"}}
{"__type":"$$EventMessageWorkflow","id":"451d8549-5e5c-4c67-b02b-30a01f3f5d1e","ts":"2025-11-11T20:22:25.624+00:00","eventName":"n8n.workflow.success","message":"n8n.workflow.success","payload":{"userId":"788ea89e-874e-46e5-aeae-ed4a8f026c86","executionId":"2","success":true,"isManual":true,"workflowId":"4l38YvkJMM32ZTuG","workflowName":"My workflow"}}
{"__type":"$$EventMessageConfirm","confirm":"451d8549-5e5c-4c67-b02b-30a01f3f5d1e","ts":"2025-11-11T20:22:25.625+00:00","source":{"id":"0","name":"eventBus"}}
{"__type":"$$EventMessageAudit","id":"f42d4db0-c7ad-4dbe-9389-d0f667b22918","ts":"2025-11-16T18:54:02.594+00:00","eventName":"n8n.audit.workflow.created","message":"n8n.audit.workflow.created","payload":{"userId":"788ea89e-874e-46e5-aeae-ed4a8f026c86","_email":"anthonymaguire248@gmail.com","_firstName":"Anthony","_lastName":"Maguire","globalRole":"global:owner","workflowId":"xE1HnHQ9EV4EX2aq","workflowName":"My workflow 2"}}
{"__type":"$$EventMessageConfirm","confirm":"f42d4db0-c7ad-4dbe-9389-d0f667b22918","ts":"2025-11-16T18:54:02.595+00:00","source":{"id":"0","name":"eventBus"}}
{"__type":"$$EventMessageAudit","id":"93ba4e70-d8dc-454b-87c6-ef510711bcea","ts":"2026-03-17T19:22:08.335+00:00","eventName":"n8n.audit.user.login.failed","message":"n8n.audit.user.login.failed","payload":{"authenticationMethod":"email","userEmail":"maguirelimited@gmail.com","reason":"wrong credentials"}}
{"__type":"$$EventMessageConfirm","confirm":"93ba4e70-d8dc-454b-87c6-ef510711bcea","ts":"2026-03-17T19:22:08.336+00:00","source":{"id":"0","name":"eventBus"}}
{"__type":"$$EventMessageAudit","id":"30c0788c-77d5-40a6-a37d-96daf28ab3f5","ts":"2026-03-17T19:22:15.193+00:00","eventName":"n8n.audit.user.login.failed","message":"n8n.audit.user.login.failed","payload":{"authenticationMethod":"email","userEmail":"maguirelimited@gmail.com","reason":"wrong credentials"}}
{"__type":"$$EventMessageConfirm","confirm":"30c0788c-77d5-40a6-a37d-96daf28ab3f5","ts":"2026-03-17T19:22:15.194+00:00","source":{"id":"0","name":"eventBus"}}
{"__type":"$$EventMessageAudit","id":"44135dac-a996-45d8-9b96-7ff328e70fa5","ts":"2026-03-17T19:22:25.894+00:00","eventName":"n8n.audit.user.login.failed","message":"n8n.audit.user.login.failed","payload":{"authenticationMethod":"email","userEmail":"maguirelimited@gmail.com","reason":"wrong credentials"}}
{"__type":"$$EventMessageConfirm","confirm":"44135dac-a996-45d8-9b96-7ff328e70fa5","ts":"2026-03-17T19:22:25.894+00:00","source":{"id":"0","name":"eventBus"}}
{"__type":"$$EventMessageAudit","id":"7600a8c1-4989-4c2a-b3da-0ef92e0fcba4","ts":"2026-03-17T19:22:43.228+00:00","eventName":"n8n.audit.user.login.failed","message":"n8n.audit.user.login.failed","payload":{"authenticationMethod":"email","userEmail":"maguirelimited@gmail.com","reason":"wrong credentials"}}
{"__type":"$$EventMessageConfirm","confirm":"7600a8c1-4989-4c2a-b3da-0ef92e0fcba4","ts":"2026-03-17T19:22:43.229+00:00","source":{"id":"0","name":"eventBus"}}
{"__type":"$$EventMessageAudit","id":"a7751728-5280-4a19-a637-3419ece809b6","ts":"2026-03-17T19:22:44.006+00:00","eventName":"n8n.audit.user.login.failed","message":"n8n.audit.user.login.failed","payload":{"authenticationMethod":"email","userEmail":"maguirelimited@gmail.com","reason":"wrong credentials"}}
{"__type":"$$EventMessageConfirm","confirm":"a7751728-5280-4a19-a637-3419ece809b6","ts":"2026-03-17T19:22:44.006+00:00","source":{"id":"0","name":"eventBus"}}
